Performing C++ SOURCE FILE Test CMAKE_HAVE_LIBC_PTHREAD failed with the following output:
Change Dir: /home/li/Desktop/C++/build/CMakeFiles/CMakeTmp

Run Build Command(s):/usr/bin/make cmTC_46640/fast && /usr/bin/make -f CMakeFiles/cmTC_46640.dir/build.make CMakeFiles/cmTC_46640.dir/build
make[1]: 进入目录“/home/li/Desktop/C++/build/CMakeFiles/CMakeTmp”
Building CXX object CMakeFiles/cmTC_46640.dir/src.cxx.o
/usr/bin/c++    -DCMAKE_HAVE_LIBC_PTHREAD   -std=c++17 -o CMakeFiles/cmTC_46640.dir/src.cxx.o -c /home/li/Desktop/C++/build/CMakeFiles/CMakeTmp/src.cxx
Linking CXX executable cmTC_46640
/usr/bin/cmake -E cmake_link_script CMakeFiles/cmTC_46640.dir/link.txt --verbose=1
/usr/bin/c++   -DCMAKE_HAVE_LIBC_PTHREAD    CMakeFiles/cmTC_46640.dir/src.cxx.o  -o cmTC_46640 
/usr/bin/ld: CMakeFiles/cmTC_46640.dir/src.cxx.o: in function `main':
src.cxx:(.text+0x48): undefined reference to `pthread_create'
/usr/bin/ld: src.cxx:(.text+0x50): undefined reference to `pthread_detach'
/usr/bin/ld: src.cxx:(.text+0x5c): undefined reference to `pthread_join'
collect2: error: ld returned 1 exit status
make[1]: *** [CMakeFiles/cmTC_46640.dir/build.make:87：cmTC_46640] 错误 1
make[1]: 离开目录“/home/li/Desktop/C++/build/CMakeFiles/CMakeTmp”
make: *** [Makefile:121：cmTC_46640/fast] 错误 2


Source file was:
#include <pthread.h>

void* test_func(void* data)
{
  return data;
}

int main(void)
{
  pthread_t thread;
  pthread_create(&thread, NULL, test_func, NULL);
  pthread_detach(thread);
  pthread_join(thread, NULL);
  pthread_atfork(NULL, NULL, NULL);
  pthread_exit(NULL);

  return 0;
}

Determining if the function pthread_create exists in the pthreads failed with the following output:
Change Dir: /home/li/Desktop/C++/build/CMakeFiles/CMakeTmp

Run Build Command(s):/usr/bin/make cmTC_42647/fast && /usr/bin/make -f CMakeFiles/cmTC_42647.dir/build.make CMakeFiles/cmTC_42647.dir/build
make[1]: 进入目录“/home/li/Desktop/C++/build/CMakeFiles/CMakeTmp”
Building CXX object CMakeFiles/cmTC_42647.dir/CheckFunctionExists.cxx.o
/usr/bin/c++    -DCHECK_FUNCTION_EXISTS=pthread_create   -std=c++17 -o CMakeFiles/cmTC_42647.dir/CheckFunctionExists.cxx.o -c /home/li/Desktop/C++/build/CMakeFiles/CheckLibraryExists/CheckFunctionExists.cxx
Linking CXX executable cmTC_42647
/usr/bin/cmake -E cmake_link_script CMakeFiles/cmTC_42647.dir/link.txt --verbose=1
/usr/bin/c++   -DCHECK_FUNCTION_EXISTS=pthread_create    CMakeFiles/cmTC_42647.dir/CheckFunctionExists.cxx.o  -o cmTC_42647  -lpthreads 
/usr/bin/ld: 找不到 -lpthreads
collect2: error: ld returned 1 exit status
make[1]: *** [CMakeFiles/cmTC_42647.dir/build.make:87：cmTC_42647] 错误 1
make[1]: 离开目录“/home/li/Desktop/C++/build/CMakeFiles/CMakeTmp”
make: *** [Makefile:121：cmTC_42647/fast] 错误 2



